<?xml version="1.0" encoding="UTF-8"?>
<testsuite xmlns:xsi="http://www.w3.org/2001/XMLSchema-instance" xsi:noNamespaceSchemaLocation="https://maven.apache.org/surefire/maven-surefire-plugin/xsd/surefire-test-report.xsd" version="3.0.2" name="com.revshop.RevshopApplicationTests" time="7.739" tests="1" errors="0" skipped="0" failures="0">
  <properties>
[...]
</properties>
  <testcase name="contextLoads" classname="com.revshop.RevshopApplicationTests" time="0.355">
    <system-out><![CDATA[21:08:02.180 [main] INFO org.springframework.test.context.support.AnnotationConfigContextLoaderUtils -- Could not detect default configuration classes for test class [com.revshop.RevshopApplicationTests]: RevshopApplicationTests does not declare any static, non-private, non-final, nested classes annotated with @Configuration.
21:08:02.287 [main] INFO org.springframework.boot.test.context.SpringBootTestContextBootstrapper -- Found @SpringBootConfiguration com.revshop.RevshopApplication for test class com.revshop.RevshopApplicationTests

  .   ____          _            __ _ _
 /\\ / ___'_ __ _ _(_)_ __  __ _ \ \ \ \
( ( )\___ | '_ | '_| | '_ \/ _` | \ \ \ \
 \\/  ___)| |_)| | | | | || (_| |  ) ) ) )
  '  |____| .__|_| |_|_| |_\__, | / / / /
 =========|_|==============|___/=/_/_/_/

 :: Spring Boot ::                (v4.0.3)

2026-03-27T21:08:02.641+05:30  WARN 33348 --- [revshop] [           main] ory$DuplicateJsonObjectContextCustomizer : 

Found multiple occurrences of org.json.JSONObject on the class path:

	jar:file:/C:/Users/surad/.m2/repository/com/vaadin/external/google/android-json/0.0.20131108.vaadin1/android-json-0.0.20131108.vaadin1.jar!/org/json/JSONObject.class
	jar:file:/C:/Users/surad/.m2/repository/org/json/json/20231013/json-20231013.jar!/org/json/JSONObject.class

You may wish to exclude one of them to ensure predictable runtime behavior

2026-03-27T21:08:02.652+05:30  INFO 33348 --- [revshop] [           main] com.revshop.RevshopApplicationTests      : Starting RevshopApplicationTests using Java 21.0.8 with PID 33348 (started by surad in S:\FULLstack\Internship\NRIT-demo\razor-pay-integration\Shop_Insta_Stripe_Integrated)
2026-03-27T21:08:02.652+05:30 DEBUG 33348 --- [revshop] [           main] com.revshop.RevshopApplicationTests      : Running with Spring Boot v4.0.3, Spring v7.0.5
2026-03-27T21:08:02.653+05:30  INFO 33348 --- [revshop] [           main] com.revshop.RevshopApplicationTests      : No active profile set, falling back to 1 default profile: "default"
2026-03-27T21:08:04.553+05:30  INFO 33348 --- [revshop] [           main] .s.d.r.c.RepositoryConfigurationDelegate : Bootstrapping Spring Data JPA repositories in DEFAULT mode.
2026-03-27T21:08:04.586+05:30  INFO 33348 --- [revshop] [           main] .s.d.r.c.RepositoryConfigurationDelegate : Finished Spring Data repository scanning in 22 ms. Found 0 JPA repository interfaces.
2026-03-27T21:08:05.281+05:30  INFO 33348 --- [revshop] [           main] org.hibernate.orm.jpa                    : HHH008540: Processing PersistenceUnitInfo [name: default]
2026-03-27T21:08:05.358+05:30  INFO 33348 --- [revshop] [           main] org.hibernate.orm.core                   : HHH000001: Hibernate ORM core version 7.2.4.Final
2026-03-27T21:08:05.881+05:30  INFO 33348 --- [revshop] [           main] o.s.o.j.p.SpringPersistenceUnitInfo      : No LoadTimeWeaver setup: ignoring JPA class transformer
2026-03-27T21:08:05.917+05:30  INFO 33348 --- [revshop] [           main] com.zaxxer.hikari.HikariDataSource       : HikariPool-1 - Starting...
2026-03-27T21:08:06.305+05:30  INFO 33348 --- [revshop] [           main] com.zaxxer.hikari.pool.HikariPool        : HikariPool-1 - Added connection oracle.jdbc.driver.T4CConnection@432448
2026-03-27T21:08:06.307+05:30  INFO 33348 --- [revshop] [           main] com.zaxxer.hikari.HikariDataSource       : HikariPool-1 - Start completed.
2026-03-27T21:08:06.525+05:30  WARN 33348 --- [revshop] [           main] org.hibernate.orm.deprecation            : HHH90000025: OracleDialect does not need to be specified explicitly using 'hibernate.dialect' (remove the property setting and it will be selected by default)
2026-03-27T21:08:06.545+05:30  WARN 33348 --- [revshop] [           main] org.hibernate.orm.jdbc                   : HHH100123: Low default JDBC fetch size: 10 (consider setting 'hibernate.jdbc.fetch_size')
2026-03-27T21:08:06.553+05:30  INFO 33348 --- [revshop] [           main] org.hibernate.orm.connections.pooling    : HHH10001005: Database info:
	Database JDBC URL [jdbc:oracle:thin:@localhost:1521/ORCLPDB]
	Database driver: Oracle JDBC driver
	Database dialect: OracleDialect
	Database version: 21.3
	Default catalog/schema: undefined/REVSHOP
	Autocommit mode: undefined/unknown
	Isolation level: READ_COMMITTED [default READ_COMMITTED]
	JDBC fetch size: 10
	Pool: DataSourceConnectionProvider
	Minimum pool size: undefined/unknown
	Maximum pool size: undefined/unknown
2026-03-27T21:08:07.666+05:30  INFO 33348 --- [revshop] [           main] org.hibernate.orm.core                   : HHH000489: No JTA platform available (set 'hibernate.transaction.jta.platform' to enable JTA platform integration)
2026-03-27T21:08:08.005+05:30  INFO 33348 --- [revshop] [           main] j.LocalContainerEntityManagerFactoryBean : Initialized JPA EntityManagerFactory for persistence unit 'default'
2026-03-27T21:08:08.514+05:30  WARN 33348 --- [revshop] [           main] JpaBaseConfiguration$JpaWebConfiguration : spring.jpa.open-in-view is enabled by default. Therefore, database queries may be performed during view rendering. Explicitly configure spring.jpa.open-in-view to disable this warning
2026-03-27T21:08:08.654+05:30  INFO 33348 --- [revshop] [           main] eAuthenticationProviderManagerConfigurer : Global AuthenticationManager configured with AuthenticationProvider bean with name authenticationProvider
2026-03-27T21:08:08.654+05:30  WARN 33348 --- [revshop] [           main] r$InitializeUserDetailsManagerConfigurer : Global AuthenticationManager configured with an AuthenticationProvider bean. UserDetailsService beans will not be used by Spring Security for automatically configuring username/password login. Consider removing the AuthenticationProvider bean. Alternatively, consider using the UserDetailsService in a manually instantiated DaoAuthenticationProvider. If the current configuration is intentional, to turn off this warning, increase the logging level of 'org.springframework.security.config.annotation.authentication.configuration.InitializeUserDetailsBeanManagerConfigurer' to ERROR
2026-03-27T21:08:08.722+05:30  INFO 33348 --- [revshop] [           main] c.r.security.config.SecurityConfig       : Initializing Spring Security filter chain for RevShop
2026-03-27T21:08:08.819+05:30  INFO 33348 --- [revshop] [           main] o.s.b.w.a.WelcomePageHandlerMapping      : Adding welcome page template: index
2026-03-27T21:08:09.294+05:30  INFO 33348 --- [revshop] [           main] com.revshop.RevshopApplicationTests      : Started RevshopApplicationTests in 6.88 seconds (process running for 8.105)
2026-03-27T21:08:09.339+05:30  INFO 33348 --- [revshop] [           main] c.r.config.SchemaConstraintSyncConfig    : Synced enum check constraint for orders.status with 9 values
2026-03-27T21:08:09.358+05:30  INFO 33348 --- [revshop] [           main] c.r.config.SchemaConstraintSyncConfig    : Synced enum check constraint for notifications.notification_type with 10 values
2026-03-27T21:08:09.377+05:30  INFO 33348 --- [revshop] [           main] c.r.config.SchemaConstraintSyncConfig    : Synced enum check constraint for payments.status with 5 values
]]></system-out>
    <system-err><![CDATA[Mockito is currently self-attaching to enable the inline-mock-maker. This will no longer work in future releases of the JDK. Please add Mockito as an agent to your build as described in Mockito's documentation: https://javadoc.io/doc/org.mockito/mockito-core/latest/org.mockito/org/mockito/Mockito.html#0.3
WARNING: A Java agent has been loaded dynamically (C:\Users\surad\.m2\repository\net\bytebuddy\byte-buddy-agent\1.17.8\byte-buddy-agent-1.17.8.jar)
WARNING: If a serviceability tool is in use, please run with -XX:+EnableDynamicAgentLoading to hide this warning
WARNING: If a serviceability tool is not in use, please run with -Djdk.instrument.traceUsage for more information
WARNING: Dynamic loading of agents will be disallowed by default in a future release
]]></system-err>
  </testcase>
</testsuite>